#
# A fatal error has been detected by the Java Runtime Environment:
#
#  EXCEPTION_ACCESS_VIOLATION (0xc0000005) at pc=0x0000000074dc8d85, pid=14688, tid=10832
#
# JRE version: Java(TM) SE Runtime Environment (8.0_74-b02) (build 1.8.0_74-b02)
# Java VM: Java HotSpot(TM) 64-Bit Server VM (25.74-b02 mixed mode windows-amd64 compressed oops)
# Problematic frame:
# V  [jvm.dll+0x128d85]
#
# Failed to write core dump. Minidumps are not enabled by default on client versions of Windows
#
# If you would like to submit a bug report, please visit:
#   http://bugreport.java.com/bugreport/crash.jsp
#

---------------  T H R E A D  ---------------

Current thread (0x000000001708a800):  JavaThread "JDWP Transport Listener: dt_socket" daemon [_thread_in_vm, id=10832, stack(0x0000000018ad0000,0x0000000018bd0000)]

siginfo: ExceptionCode=0xc0000005, reading address 0xffffffffffffffff

Registers:
RAX=0x0000000018bcf201, RBX=0x000000001708a800, RCX=0x003b003b79676574, RDX=0x0000000000000000
RSP=0x0000000018bcf1b0, RBP=0x003b003b79676574, RSI=0x0000000018bcf2c8, RDI=0x00000000022ed3c0
R8 =0x000000001708a800, R9 =0x0000000000008000, R10=0x2f6b726f77656d61, R11=0x000000001b30c327
R12=0x0000000000000000, R13=0x0000000017088108, R14=0x0000000000000000, R15=0x0000000000000000
RIP=0x0000000074dc8d85, EFLAGS=0x0000000000010206

Top of Stack: (sp=0x0000000018bcf1b0)
0x0000000018bcf1b0:   000000001708a800 000000001708a800
0x0000000018bcf1c0:   0000000018bcf278 0000000074fce33b
0x0000000018bcf1d0:   000000001708a800 0000000074feab9d
0x0000000018bcf1e0:   0000000000000086 00000000749f9155
0x0000000018bcf1f0:   000000001972b028 0000000074a0291e
0x0000000018bcf200:   000000001708a800 0000000000000000
0x0000000018bcf210:   0000000000000000 0000000000000000
0x0000000018bcf220:   003b003b79676574 0000000074a01a15
0x0000000018bcf230:   0000000018bcf2c8 0000000018bcf2a0
0x0000000018bcf240:   0000000000000001 000000001972b028
0x0000000018bcf250:   003b003b79676574 00000000749e53b3
0x0000000018bcf260:   0000000018bcf390 0000000000000001
0x0000000018bcf270:   0000000000000001 000000001972b028
0x0000000018bcf280:   0000000000000001 0000000000000000
0x0000000018bcf290:   0000000000000000 0000000000000000
0x0000000018bcf2a0:   0000000000000001 00000000749e5571 

Instructions: (pc=0x0000000074dc8d85)
0x0000000074dc8d65:   cc cc cc cc cc cc cc cc cc cc cc 48 83 ec 28 48
0x0000000074dc8d75:   85 c9 75 07 33 c0 48 83 c4 28 c3 48 89 5c 24 20
0x0000000074dc8d85:   48 8b 19 48 85 db 74 20 48 83 fb 37 74 1a 48 8b
0x0000000074dc8d95:   13 48 8b cb ff 52 10 84 c0 74 0d 48 8b c3 48 8b 


Register to memory mapping:

RAX=0x0000000018bcf201 is pointing into the stack for thread: 0x000000001708a800
RBX=0x000000001708a800 is a thread
RCX=0x003b003b79676574 is an unknown value
RDX=0x0000000000000000 is an unknown value
RSP=0x0000000018bcf1b0 is pointing into the stack for thread: 0x000000001708a800
RBP=0x003b003b79676574 is an unknown value
RSI=0x0000000018bcf2c8 is pointing into the stack for thread: 0x000000001708a800
RDI=0x00000000022ed3c0 is an unknown value
R8 =0x000000001708a800 is a thread
R9 =0x0000000000008000 is an unknown value
R10=0x2f6b726f77656d61 is an unknown value
R11=0x000000001b30c327 is an unknown value
R12=0x0000000000000000 is an unknown value
R13=0x0000000017088108 is an unknown value
R14=0x0000000000000000 is an unknown value
R15=0x0000000000000000 is an unknown value


Stack: [0x0000000018ad0000,0x0000000018bd0000],  sp=0x0000000018bcf1b0,  free space=1020k
Native frames: (J=compiled Java code, j=interpreted, Vv=VM code, C=native code)
V  [jvm.dll+0x128d85]
V  [jvm.dll+0x34ab9d]
C  [jdwp.dll+0x21a15]
C  [jdwp.dll+0x53b3]
C  [jdwp.dll+0x5571]
C  [jdwp.dll+0xf0a8]
C  [jdwp.dll+0x1f2d5]
C  [jdwp.dll+0x1f4aa]
V  [jvm.dll+0x1bba58]
V  [jvm.dll+0x243434]
V  [jvm.dll+0x29a27a]
C  [msvcr100.dll+0x21d9f]
C  [msvcr100.dll+0x21e3b]
C  [KERNEL32.DLL+0x13dc4]
C  [ntdll.dll+0x73691]


---------------  P R O C E S S  ---------------

Java Threads: ( => current thread )
  0x000000001ae2f800 JavaThread "DestroyJavaVM" [_thread_blocked, id=13108, stack(0x0000000002310000,0x0000000002410000)]
  0x000000001ae28000 JavaThread "http-nio-8080-AsyncTimeout" daemon [_thread_blocked, id=592, stack(0x000000001eaf0000,0x000000001ebf0000)]
  0x000000001ae2e800 JavaThread "http-nio-8080-Acceptor-0" daemon [_thread_in_native, id=18676, stack(0x000000001e9f0000,0x000000001eaf0000)]
  0x000000001ae2a000 JavaThread "http-nio-8080-ClientPoller-1" daemon [_thread_in_native, id=12720, stack(0x000000001e8f0000,0x000000001e9f0000)]
  0x000000001ae29800 JavaThread "http-nio-8080-ClientPoller-0" daemon [_thread_in_native, id=14780, stack(0x000000001e7f0000,0x000000001e8f0000)]
  0x000000001ae2e000 JavaThread "http-nio-8080-exec-10" daemon [_thread_blocked, id=15448, stack(0x000000001e6f0000,0x000000001e7f0000)]
  0x000000001ae2b800 JavaThread "http-nio-8080-exec-9" daemon [_thread_blocked, id=24096, stack(0x000000001e5f0000,0x000000001e6f0000)]
  0x000000001ae2c800 JavaThread "http-nio-8080-exec-8" daemon [_thread_blocked, id=8216, stack(0x000000001e4f0000,0x000000001e5f0000)]
  0x000000001ae2d000 JavaThread "http-nio-8080-exec-7" daemon [_thread_blocked, id=15780, stack(0x000000001e3f0000,0x000000001e4f0000)]
  0x000000001ae2b000 JavaThread "http-nio-8080-exec-6" daemon [_thread_blocked, id=25492, stack(0x000000001e2f0000,0x000000001e3f0000)]
  0x000000001b793000 JavaThread "http-nio-8080-exec-5" daemon [_thread_blocked, id=24408, stack(0x000000001e1f0000,0x000000001e2f0000)]
  0x000000001b792800 JavaThread "http-nio-8080-exec-4" daemon [_thread_blocked, id=14908, stack(0x000000001e0f0000,0x000000001e1f0000)]
  0x000000001b798800 JavaThread "http-nio-8080-exec-3" daemon [_thread_blocked, id=8064, stack(0x000000001dff0000,0x000000001e0f0000)]
  0x000000001b796000 JavaThread "http-nio-8080-exec-2" daemon [_thread_blocked, id=6912, stack(0x000000001def0000,0x000000001dff0000)]
  0x000000001b791800 JavaThread "http-nio-8080-exec-1" daemon [_thread_blocked, id=3116, stack(0x000000001ddf0000,0x000000001def0000)]
  0x000000001b794000 JavaThread "NioBlockingSelector.BlockPoller-1" daemon [_thread_in_native, id=22424, stack(0x000000001dcf0000,0x000000001ddf0000)]
  0x000000001b797000 JavaThread "Live Reload Server" daemon [_thread_in_native, id=24520, stack(0x000000001dbf0000,0x000000001dcf0000)]
  0x000000001b795800 JavaThread "File Watcher" daemon [_thread_blocked, id=10468, stack(0x000000001d9f0000,0x000000001daf0000)]
  0x000000001b797800 JavaThread "Abandoned connection cleanup thread" daemon [_thread_blocked, id=23600, stack(0x000000001ccf0000,0x000000001cdf0000)]
  0x000000001b794800 JavaThread "Tomcat JDBC Pool Cleaner[414493378:1554923302713]" daemon [_thread_blocked, id=15240, stack(0x000000001cbf0000,0x000000001ccf0000)]
  0x000000001b700000 JavaThread "container-0" [_thread_blocked, id=3040, stack(0x000000001caf0000,0x000000001cbf0000)]
  0x000000001b6fb800 JavaThread "ContainerBackgroundProcessor[StandardEngine[Tomcat]]" daemon [_thread_blocked, id=9104, stack(0x000000001c9f0000,0x000000001caf0000)]
  0x00000000196c8800 JavaThread "RMI TCP Accept-0" daemon [_thread_in_native, id=18224, stack(0x0000000019fd0000,0x000000001a0d0000)]
  0x00000000196b9800 JavaThread "RMI TCP Accept-55439" daemon [_thread_in_native, id=20880, stack(0x0000000019ed0000,0x0000000019fd0000)]
  0x000000001962c000 JavaThread "RMI TCP Accept-0" daemon [_thread_in_native, id=18504, stack(0x0000000019dd0000,0x0000000019ed0000)]
  0x00000000170de800 JavaThread "Service Thread" daemon [_thread_blocked, id=14308, stack(0x00000000194d0000,0x00000000195d0000)]
  0x00000000170dc800 JavaThread "C1 CompilerThread2" daemon [_thread_blocked, id=23124, stack(0x00000000193d0000,0x00000000194d0000)]
  0x00000000170db000 JavaThread "C2 CompilerThread1" daemon [_thread_blocked, id=22692, stack(0x00000000192d0000,0x00000000193d0000)]
  0x00000000170ad800 JavaThread "C2 CompilerThread0" daemon [_thread_blocked, id=16652, stack(0x0000000018dd0000,0x0000000018ed0000)]
  0x000000001709e800 JavaThread "JDWP Command Reader" daemon [_thread_in_native, id=1100, stack(0x0000000018cd0000,0x0000000018dd0000)]
  0x000000001709d800 JavaThread "JDWP Event Helper Thread" daemon [_thread_blocked, id=2060, stack(0x0000000018bd0000,0x0000000018cd0000)]
=>0x000000001708a800 JavaThread "JDWP Transport Listener: dt_socket" daemon [_thread_in_vm, id=10832, stack(0x0000000018ad0000,0x0000000018bd0000)]
  0x0000000017081800 JavaThread "Attach Listener" daemon [_thread_blocked, id=16356, stack(0x0000000018690000,0x0000000018790000)]
  0x0000000017080000 JavaThread "Signal Dispatcher" daemon [_thread_blocked, id=15264, stack(0x0000000018590000,0x0000000018690000)]
  0x000000001706b000 JavaThread "Finalizer" daemon [_thread_blocked, id=22212, stack(0x00000000182d0000,0x00000000183d0000)]
  0x0000000002504000 JavaThread "Reference Handler" daemon [_thread_blocked, id=8868, stack(0x00000000181d0000,0x00000000182d0000)]

Other Threads:
  0x0000000017047800 VMThread [stack: 0x00000000180d0000,0x00000000181d0000] [id=21348]
  0x00000000196cb800 WatcherThread [stack: 0x000000001a0d0000,0x000000001a1d0000] [id=6836]

VM state:not at safepoint (normal execution)

VM Mutex/Monitor currently owned by a thread: None

Heap:
 PSYoungGen      total 165376K, used 108752K [0x00000000d5c00000, 0x00000000e2f00000, 0x0000000100000000)
  eden space 147968K, 66% used [0x00000000d5c00000,0x00000000dbb7a680,0x00000000dec80000)
  from space 17408K, 63% used [0x00000000dec80000,0x00000000df739d70,0x00000000dfd80000)
  to   space 16896K, 0% used [0x00000000e1e80000,0x00000000e1e80000,0x00000000e2f00000)
 ParOldGen       total 109568K, used 25149K [0x0000000081400000, 0x0000000087f00000, 0x00000000d5c00000)
  object space 109568K, 22% used [0x0000000081400000,0x0000000082c8f5b8,0x0000000087f00000)
 Metaspace       used 45117K, capacity 45618K, committed 46040K, reserved 1089536K
  class space    used 5910K, capacity 6047K, committed 6144K, reserved 1048576K

Card table byte_map: [0x00000000118d0000,0x0000000011cd0000] byte_map_base: 0x00000000114c6000

Marking Bits: (ParMarkBitMap*) 0x00000000754b0600
 Begin Bits: [0x0000000012380000, 0x0000000014330000)
 End Bits:   [0x0000000014330000, 0x00000000162e0000)

Polling page: 0x00000000021d0000

CodeCache: size=245760Kb used=8628Kb max_used=8682Kb free=237131Kb
 bounds [0x0000000002510000, 0x0000000002d90000, 0x0000000011510000]
 total_blobs=4546 nmethods=3999 adapters=467
 compilation: enabled

Compilation events (10 events):
Event: 266.127 Thread 0x00000000170dc800 4075       1       org.springframework.boot.devtools.filewatch.FileSystemWatcher$Watcher::getCurrentSnapshots (63 bytes)
Event: 266.128 Thread 0x00000000170dc800 nmethod 4075 0x0000000002938fd0 code [0x00000000029391a0, 0x0000000002939598]
Event: 324.405 Thread 0x00000000170dc800 4076       1       org.apache.catalina.valves.ValveBase::backgroundProcess (1 bytes)
Event: 324.405 Thread 0x00000000170dc800 nmethod 4076 0x0000000002938d10 code [0x0000000002938e60, 0x0000000002938f70]
Event: 324.876 Thread 0x00000000170dc800 4077       1       java.util.TaskQueue::isEmpty (13 bytes)
Event: 324.876 Thread 0x00000000170dc800 nmethod 4077 0x0000000002938a10 code [0x0000000002938b60, 0x0000000002938c90]
Event: 374.415 Thread 0x00000000170dc800 4079   !   1       org.apache.catalina.core.ContainerBase::findChildren (42 bytes)
Event: 374.415 Thread 0x00000000170dc800 nmethod 4079 0x0000000002937e90 code [0x0000000002938020, 0x0000000002938458]
Event: 384.415 Thread 0x00000000170dc800 4080       1       java.util.concurrent.ConcurrentHashMap$ValueIterator::next (34 bytes)
Event: 384.415 Thread 0x00000000170dc800 nmethod 4080 0x0000000002b2d590 code [0x0000000002b2d700, 0x0000000002b2d8d8]

GC Heap History (10 events):
Event: 3.766 GC heap before
{Heap before GC invocations=7 (full 1):
 PSYoungGen      total 71680K, used 66560K [0x00000000d5c00000, 0x00000000df300000, 0x0000000100000000)
  eden space 66560K, 100% used [0x00000000d5c00000,0x00000000d9d00000,0x00000000d9d00000)
  from space 5120K, 0% used [0x00000000d9d00000,0x00000000d9d00000,0x00000000da200000)
  to   space 10752K, 0% used [0x00000000de880000,0x00000000de880000,0x00000000df300000)
 ParOldGen       total 63488K, used 9832K [0x0000000081400000, 0x0000000085200000, 0x00000000d5c00000)
  object space 63488K, 15% used [0x0000000081400000,0x0000000081d9a158,0x0000000085200000)
 Metaspace       used 24485K, capacity 24972K, committed 25088K, reserved 1071104K
  class space    used 3215K, capacity 3317K, committed 3328K, reserved 1048576K
Event: 3.777 GC heap after
Heap after GC invocations=7 (full 1):
 PSYoungGen      total 110592K, used 9413K [0x00000000d5c00000, 0x00000000df200000, 0x0000000100000000)
  eden space 100864K, 0% used [0x00000000d5c00000,0x00000000d5c00000,0x00000000dbe80000)
  from space 9728K, 96% used [0x00000000de880000,0x00000000df1b15e0,0x00000000df200000)
  to   space 11776K, 0% used [0x00000000ddb00000,0x00000000ddb00000,0x00000000de680000)
 ParOldGen       total 63488K, used 9840K [0x0000000081400000, 0x0000000085200000, 0x00000000d5c00000)
  object space 63488K, 15% used [0x0000000081400000,0x0000000081d9c158,0x0000000085200000)
 Metaspace       used 24485K, capacity 24972K, committed 25088K, reserved 1071104K
  class space    used 3215K, capacity 3317K, committed 3328K, reserved 1048576K
}
Event: 4.641 GC heap before
{Heap before GC invocations=8 (full 1):
 PSYoungGen      total 110592K, used 110277K [0x00000000d5c00000, 0x00000000df200000, 0x0000000100000000)
  eden space 100864K, 100% used [0x00000000d5c00000,0x00000000dbe80000,0x00000000dbe80000)
  from space 9728K, 96% used [0x00000000de880000,0x00000000df1b15e0,0x00000000df200000)
  to   space 11776K, 0% used [0x00000000ddb00000,0x00000000ddb00000,0x00000000de680000)
 ParOldGen       total 63488K, used 9840K [0x0000000081400000, 0x0000000085200000, 0x00000000d5c00000)
  object space 63488K, 15% used [0x0000000081400000,0x0000000081d9c158,0x0000000085200000)
 Metaspace       used 26414K, capacity 26884K, committed 27136K, reserved 1073152K
  class space    used 3462K, capacity 3545K, committed 3584K, reserved 1048576K
Event: 4.656 GC heap after
Heap after GC invocations=8 (full 1):
 PSYoungGen      total 141824K, used 11228K [0x00000000d5c00000, 0x00000000e0a80000, 0x0000000100000000)
  eden space 130048K, 0% used [0x00000000d5c00000,0x00000000d5c00000,0x00000000ddb00000)
  from space 11776K, 95% used [0x00000000ddb00000,0x00000000de5f70c8,0x00000000de680000)
  to   space 13312K, 0% used [0x00000000dfd80000,0x00000000dfd80000,0x00000000e0a80000)
 ParOldGen       total 63488K, used 9848K [0x0000000081400000, 0x0000000085200000, 0x00000000d5c00000)
  object space 63488K, 15% used [0x0000000081400000,0x0000000081d9e158,0x0000000085200000)
 Metaspace       used 26414K, capacity 26884K, committed 27136K, reserved 1073152K
  class space    used 3462K, capacity 3545K, committed 3584K, reserved 1048576K
}
Event: 5.990 GC heap before
{Heap before GC invocations=9 (full 1):
 PSYoungGen      total 141824K, used 111524K [0x00000000d5c00000, 0x00000000e0a80000, 0x0000000100000000)
  eden space 130048K, 77% used [0x00000000d5c00000,0x00000000dbdf1fa0,0x00000000ddb00000)
  from space 11776K, 95% used [0x00000000ddb00000,0x00000000de5f70c8,0x00000000de680000)
  to   space 13312K, 0% used [0x00000000dfd80000,0x00000000dfd80000,0x00000000e0a80000)
 ParOldGen       total 63488K, used 9848K [0x0000000081400000, 0x0000000085200000, 0x00000000d5c00000)
  object space 63488K, 15% used [0x0000000081400000,0x0000000081d9e158,0x0000000085200000)
 Metaspace       used 34697K, capacity 35206K, committed 35416K, reserved 1079296K
  class space    used 4553K, capacity 4708K, committed 4736K, reserved 1048576K
Event: 6.016 GC heap after
Heap after GC invocations=9 (full 1):
 PSYoungGen      total 161280K, used 13300K [0x00000000d5c00000, 0x00000000e3d80000, 0x0000000100000000)
  eden space 147968K, 0% used [0x00000000d5c00000,0x00000000d5c00000,0x00000000dec80000)
  from space 13312K, 99% used [0x00000000dfd80000,0x00000000e0a7d0e0,0x00000000e0a80000)
  to   space 17408K, 0% used [0x00000000dec80000,0x00000000dec80000,0x00000000dfd80000)
 ParOldGen       total 63488K, used 15135K [0x0000000081400000, 0x0000000085200000, 0x00000000d5c00000)
  object space 63488K, 23% used [0x0000000081400000,0x00000000822c7df8,0x0000000085200000)
 Metaspace       used 34697K, capacity 35206K, committed 35416K, reserved 1079296K
  class space    used 4553K, capacity 4708K, committed 4736K, reserved 1048576K
}
Event: 6.016 GC heap before
{Heap before GC invocations=10 (full 2):
 PSYoungGen      total 161280K, used 13300K [0x00000000d5c00000, 0x00000000e3d80000, 0x0000000100000000)
  eden space 147968K, 0% used [0x00000000d5c00000,0x00000000d5c00000,0x00000000dec80000)
  from space 13312K, 99% used [0x00000000dfd80000,0x00000000e0a7d0e0,0x00000000e0a80000)
  to   space 17408K, 0% used [0x00000000dec80000,0x00000000dec80000,0x00000000dfd80000)
 ParOldGen       total 63488K, used 15135K [0x0000000081400000, 0x0000000085200000, 0x00000000d5c00000)
  object space 63488K, 23% used [0x0000000081400000,0x00000000822c7df8,0x0000000085200000)
 Metaspace       used 34697K, capacity 35206K, committed 35416K, reserved 1079296K
  class space    used 4553K, capacity 4708K, committed 4736K, reserved 1048576K
Event: 6.143 GC heap after
Heap after GC invocations=10 (full 2):
 PSYoungGen      total 161280K, used 0K [0x00000000d5c00000, 0x00000000e3d80000, 0x0000000100000000)
  eden space 147968K, 0% used [0x00000000d5c00000,0x00000000d5c00000,0x00000000dec80000)
  from space 13312K, 0% used [0x00000000dfd80000,0x00000000dfd80000,0x00000000e0a80000)
  to   space 17408K, 0% used [0x00000000dec80000,0x00000000dec80000,0x00000000dfd80000)
 ParOldGen       total 109568K, used 25141K [0x0000000081400000, 0x0000000087f00000, 0x00000000d5c00000)
  object space 109568K, 22% used [0x0000000081400000,0x0000000082c8d5b8,0x0000000087f00000)
 Metaspace       used 34697K, capacity 35206K, committed 35416K, reserved 1079296K
  class space    used 4553K, capacity 4708K, committed 4736K, reserved 1048576K
}
Event: 7.630 GC heap before
{Heap before GC invocations=11 (full 2):
 PSYoungGen      total 161280K, used 147968K [0x00000000d5c00000, 0x00000000e3d80000, 0x0000000100000000)
  eden space 147968K, 100% used [0x00000000d5c00000,0x00000000dec80000,0x00000000dec80000)
  from space 13312K, 0% used [0x00000000dfd80000,0x00000000dfd80000,0x00000000e0a80000)
  to   space 17408K, 0% used [0x00000000dec80000,0x00000000dec80000,0x00000000dfd80000)
 ParOldGen       total 109568K, used 25141K [0x0000000081400000, 0x0000000087f00000, 0x00000000d5c00000)
  object space 109568K, 22% used [0x0000000081400000,0x0000000082c8d5b8,0x0000000087f00000)
 Metaspace       used 39860K, capacity 40336K, committed 40792K, reserved 1085440K
  class space    used 5271K, capacity 5387K, committed 5504K, reserved 1048576K
Event: 7.657 GC heap after
Heap after GC invocations=11 (full 2):
 PSYoungGen      total 165376K, used 10983K [0x00000000d5c00000, 0x00000000e2f00000, 0x0000000100000000)
  eden space 147968K, 0% used [0x00000000d5c00000,0x00000000d5c00000,0x00000000dec80000)
  from space 17408K, 63% used [0x00000000dec80000,0x00000000df739d70,0x00000000dfd80000)
  to   space 16896K, 0% used [0x00000000e1e80000,0x00000000e1e80000,0x00000000e2f00000)
 ParOldGen       total 109568K, used 25149K [0x0000000081400000, 0x0000000087f00000, 0x00000000d5c00000)
  object space 109568K, 22% used [0x0000000081400000,0x0000000082c8f5b8,0x0000000087f00000)
 Metaspace       used 39860K, capacity 40336K, committed 40792K, reserved 1085440K
  class space    used 5271K, capacity 5387K, committed 5504K, reserved 1048576K
}

Deoptimization events (0 events):
No events

Internal exceptions (10 events):
Event: 12.726 Thread 0x000000001b798800 Exception <a 'java/lang/ClassNotFoundException': org/springframework/web/servlet/support/AbstractFlashMapManagerCustomizer> (0x00000000d8535038) thrown at [C:\re\workspace\8-2-build-windows-amd64-cygwin\jdk8u74\6087\hotspot\src\share\vm\classfile\systemDic×Ñêýót)@
Event: 12.728 Thread 0x000000001b798800 Exception <a 'java/lang/ClassNotFoundException': org/springframework/web/servlet/support/SessionFlashMapManagerCustomizer> (0x00000000d8553db8) thrown at [C:\re\workspace\8-2-build-windows-amd64-cygwin\jdk8u74\6087\hotspot\src\share\vm\classfile\systemDict½Å>Iöu)@
Event: 12.730 Thread 0x000000001b798800 Exception <a 'java/lang/ClassNotFoundException': org/springframework/web/servlet/FlashMapManagerCustomizer> (0x00000000d856ae30) thrown at [C:\re\workspace\8-2-build-windows-amd64-cygwin\jdk8u74\6087\hotspot\src\share\vm\classfile\systemDictionary.cpp, linPW,@
Event: 14.030 Thread 0x000000001b798800 Exception <a 'java/lang/ArrayIndexOutOfBoundsException'> (0x00000000d9874f80) thrown at [C:\re\workspace\8-2-build-windows-amd64-cygwin\jdk8u74\6087\hotspot\src\share\vm\runtime\sharedRuntime.cpp, line 605]
Event: 14.031 Thread 0x000000001b798800 Exception <a 'java/lang/ArrayIndexOutOfBoundsException'> (0x00000000d9888498) thrown at [C:\re\workspace\8-2-build-windows-amd64-cygwin\jdk8u74\6087\hotspot\src\share\vm\runtime\sharedRuntime.cpp, line 605]
Event: 14.031 Thread 0x000000001b798800 Exception <a 'java/lang/ArrayIndexOutOfBoundsException'> (0x00000000d988a1e8) thrown at [C:\re\workspace\8-2-build-windows-amd64-cygwin\jdk8u74\6087\hotspot\src\share\vm\runtime\sharedRuntime.cpp, line 605]
Event: 14.031 Thread 0x000000001b798800 Exception <a 'java/lang/ArrayIndexOutOfBoundsException'> (0x00000000d988c100) thrown at [C:\re\workspace\8-2-build-windows-amd64-cygwin\jdk8u74\6087\hotspot\src\share\vm\runtime\sharedRuntime.cpp, line 605]
Event: 14.031 Thread 0x000000001b798800 Exception <a 'java/lang/ArrayIndexOutOfBoundsException'> (0x00000000d988d9e0) thrown at [C:\re\workspace\8-2-build-windows-amd64-cygwin\jdk8u74\6087\hotspot\src\share\vm\runtime\sharedRuntime.cpp, line 605]
Event: 18.543 Thread 0x000000001b798800 Exception <a 'java/lang/ClassCastException': java.util.ArrayList$Itr cannot be cast to java.util.List> (0x00000000d98e3e28) thrown at [C:\re\workspace\8-2-build-windows-amd64-cygwin\jdk8u74\6087\hotspot\src\share\vm\interpreter\interpreterRuntime.cpp, line"^ûAð‹2@
Event: 18.547 Thread 0x000000001b798800 Exception <a 'java/lang/reflect/InvocationTargetException'> (0x00000000d98e4218) thrown at [C:\re\workspace\8-2-build-windows-amd64-cygwin\jdk8u74\6087\hotspot\src\share\vm\runtime\reflection.cpp, line 1092]

Events (10 events):
Event: 64.384 Thread 0x000000001b6fb800 DEOPT PACKING pc=0x0000000002ad08fc sp=0x000000001caedf70
Event: 64.384 Thread 0x000000001b6fb800 DEOPT UNPACKING pc=0x000000000255787f sp=0x000000001caedd80 mode 1
Event: 72.012 Thread 0x00000000170dc800 flushing nmethod 0x0000000002af8cd0
Event: 72.543 Thread 0x00000000170dc800 flushing nmethod 0x0000000002b1e8d0
Event: 72.543 Thread 0x00000000170dc800 flushing nmethod 0x0000000002b2a8d0
Event: 72.543 Thread 0x00000000170dc800 flushing nmethod 0x0000000002b70650
Event: 74.385 Thread 0x00000000170dc800 flushing nmethod 0x0000000002c5e350
Event: 74.385 Thread 0x00000000170dc800 flushing nmethod 0x0000000002c71a50
Event: 399.604 Executing VM operation: RedefineClasses
Event: 399.625 Executing VM operation: RedefineClasses done


Dynamic libraries:
0x00007ff6be270000 - 0x00007ff6be2a7000 	C:\Program Files\Java\jre1.8.0_74\bin\javaw.exe
0x00007fffad050000 - 0x00007fffad231000 	C:\WINDOWS\SYSTEM32\ntdll.dll
0x00007fffab080000 - 0x00007fffab132000 	C:\WINDOWS\System32\KERNEL32.DLL
0x00007fffa9b30000 - 0x00007fffa9da3000 	C:\WINDOWS\System32\KERNELBASE.dll
0x00007fffaaf00000 - 0x00007fffaafa1000 	C:\WINDOWS\System32\ADVAPI32.dll
0x00007fffabb40000 - 0x00007fffabbde000 	C:\WINDOWS\System32\msvcrt.dll
0x00007fffab350000 - 0x00007fffab3ab000 	C:\WINDOWS\System32\sechost.dll
0x00007fffaba10000 - 0x00007fffabb34000 	C:\WINDOWS\System32\RPCRT4.dll
0x00007fffaa670000 - 0x00007fffaa800000 	C:\WINDOWS\System32\USER32.dll
0x00007fffaa1c0000 - 0x00007fffaa1e0000 	C:\WINDOWS\System32\win32u.dll
0x00007fffaa4e0000 - 0x00007fffaa508000 	C:\WINDOWS\System32\GDI32.dll
0x00007fffaa1e0000 - 0x00007fffaa372000 	C:\WINDOWS\System32\gdi32full.dll
0x00007fffaa120000 - 0x00007fffaa1bf000 	C:\WINDOWS\System32\msvcp_win.dll
0x00007fffaa020000 - 0x00007fffaa118000 	C:\WINDOWS\System32\ucrtbase.dll
0x00007fff9c050000 - 0x00007fff9c2b9000 	C:\WINDOWS\WinSxS\amd64_microsoft.windows.common-controls_6595b64144ccf1df_6.0.17134.648_none_fb45a0e93062a6d2\COMCTL32.dll
0x00007fffaa800000 - 0x00007fffaab22000 	C:\WINDOWS\System32\combase.dll
0x00007fffa9db0000 - 0x00007fffa9e2a000 	C:\WINDOWS\System32\bcryptPrimitives.dll
0x00007fffab4c0000 - 0x00007fffab4ed000 	C:\WINDOWS\System32\IMM32.DLL
0x00007fff86840000 - 0x00007fff8693c000 	C:\Program Files\Diebold\Warsaw\wslbscrwh64.dll
0x00007fffa84d0000 - 0x00007fffa8501000 	C:\WINDOWS\SYSTEM32\ntmarta.dll
0x00007fff73550000 - 0x00007fff7366b000 	C:\Program Files\Diebold\Warsaw\wslbscr64.dll
0x0000000075530000 - 0x0000000075602000 	C:\Program Files\Java\jre1.8.0_74\bin\msvcr100.dll
0x0000000074ca0000 - 0x0000000075530000 	C:\Program Files\Java\jre1.8.0_74\bin\server\jvm.dll
0x00007fffaabe0000 - 0x00007fffaabe8000 	C:\WINDOWS\System32\PSAPI.DLL
0x00007fff95750000 - 0x00007fff95759000 	C:\WINDOWS\SYSTEM32\WSOCK32.dll
0x00007fffab3b0000 - 0x00007fffab41c000 	C:\WINDOWS\System32\WS2_32.dll
0x00007fffa70a0000 - 0x00007fffa70c3000 	C:\WINDOWS\SYSTEM32\WINMM.dll
0x00007fff9b8c0000 - 0x00007fff9b8ca000 	C:\WINDOWS\SYSTEM32\VERSION.dll
0x00007fffa6ec0000 - 0x00007fffa6eea000 	C:\WINDOWS\SYSTEM32\WINMMBASE.dll
0x0000000002210000 - 0x0000000002259000 	C:\WINDOWS\System32\cfgmgr32.dll
0x0000000074c90000 - 0x0000000074c9f000 	C:\Program Files\Java\jre1.8.0_74\bin\verify.dll
0x0000000074c60000 - 0x0000000074c89000 	C:\Program Files\Java\jre1.8.0_74\bin\java.dll
0x00000000749e0000 - 0x0000000074a15000 	C:\Program Files\Java\jre1.8.0_74\bin\jdwp.dll
0x00000000749d0000 - 0x00000000749d8000 	C:\Program Files\Java\jre1.8.0_74\bin\npt.dll
0x0000000074c40000 - 0x0000000074c56000 	C:\Program Files\Java\jre1.8.0_74\bin\zip.dll
0x00007fffabbe0000 - 0x00007fffad020000 	C:\WINDOWS\System32\SHELL32.dll
0x00000000184e0000 - 0x0000000018589000 	C:\WINDOWS\System32\shcore.dll
0x00007fffa9420000 - 0x00007fffa9b2d000 	C:\WINDOWS\System32\windows.storage.dll
0x00007fffab560000 - 0x00007fffab5b1000 	C:\WINDOWS\System32\shlwapi.dll
0x00007fffa93e0000 - 0x00007fffa93f1000 	C:\WINDOWS\System32\kernel.appcore.dll
0x00007fffa9370000 - 0x00007fffa938f000 	C:\WINDOWS\System32\profapi.dll
0x00007fffa9390000 - 0x00007fffa93dc000 	C:\WINDOWS\System32\powrprof.dll
0x00007fffa9360000 - 0x00007fffa936a000 	C:\WINDOWS\System32\FLTLIB.DLL
0x00000000749c0000 - 0x00000000749c9000 	C:\Program Files\Java\jre1.8.0_74\bin\dt_socket.dll
0x00007fff929b0000 - 0x00007fff929c6000 	C:\WINDOWS\system32\napinsp.dll
0x00007fff92990000 - 0x00007fff929aa000 	C:\WINDOWS\system32\pnrpnsp.dll
0x00007fffa5c20000 - 0x00007fffa5c39000 	C:\WINDOWS\system32\NLAapi.dll
0x00007fffa8b80000 - 0x00007fffa8be6000 	C:\WINDOWS\System32\mswsock.dll
0x00007fffa8940000 - 0x00007fffa89fe000 	C:\WINDOWS\SYSTEM32\DNSAPI.dll
0x00007fffab4f0000 - 0x00007fffab4f8000 	C:\WINDOWS\System32\NSI.dll
0x00007fffa8900000 - 0x00007fffa8938000 	C:\WINDOWS\SYSTEM32\IPHLPAPI.DLL
0x00007fff94cb0000 - 0x00007fff94cbe000 	C:\WINDOWS\System32\winrnr.dll
0x00007fffa1560000 - 0x00007fffa1575000 	C:\WINDOWS\System32\wshbth.dll
0x00007fff9db00000 - 0x00007fff9db72000 	C:\WINDOWS\System32\fwpuclnt.dll
0x00007fffa8e60000 - 0x00007fffa8e85000 	C:\WINDOWS\SYSTEM32\bcrypt.dll
0x00007fff9cb20000 - 0x00007fff9cb2a000 	C:\Windows\System32\rasadhlp.dll
0x0000000074bc0000 - 0x0000000074bcd000 	C:\Program Files\Java\jre1.8.0_74\bin\management.dll
0x0000000074c20000 - 0x0000000074c3a000 	C:\Program Files\Java\jre1.8.0_74\bin\net.dll
0x0000000074c00000 - 0x0000000074c11000 	C:\Program Files\Java\jre1.8.0_74\bin\nio.dll
0x00007fffa8d30000 - 0x00007fffa8d47000 	C:\WINDOWS\SYSTEM32\CRYPTSP.dll
0x00007fffa8760000 - 0x00007fffa8793000 	C:\WINDOWS\system32\rsaenh.dll
0x00007fffa9290000 - 0x00007fffa92b8000 	C:\WINDOWS\SYSTEM32\USERENV.dll
0x00007fffa8d50000 - 0x00007fffa8d5b000 	C:\WINDOWS\SYSTEM32\CRYPTBASE.dll
0x00007fffa0c90000 - 0x00007fffa0ca6000 	C:\WINDOWS\SYSTEM32\dhcpcsvc6.DLL
0x00007fffa0d40000 - 0x00007fffa0d5a000 	C:\WINDOWS\SYSTEM32\dhcpcsvc.DLL
0x0000000074bd0000 - 0x0000000074bf4000 	C:\Program Files\Java\jre1.8.0_74\bin\sunec.dll
0x00007fff94ae0000 - 0x00007fff94ca9000 	C:\WINDOWS\SYSTEM32\dbghelp.dll

VM Arguments:
jvm_args: -agentlib:jdwp=transport=dt_socket,suspend=y,address=localhost:55440 -Dcom.sun.management.jmxremote -Dcom.sun.management.jmxremote.port=55439 -Dcom.sun.management.jmxremote.authenticate=false -Dcom.sun.management.jmxremote.ssl=false -Djava.rmi.server.hostname=localhost -Dspring.liveBeansView.mbeanDomain -Dspring.application.admin.enabled=true -Xverify:none -XX:TieredStopAtLevel=1 -Dfile.encoding=UTF-8 
java_command: br.com.proj01.api.Proj01Application --spring.output.ansi.enabled=always
java_class_path (initial): D:\work\WORKSPACES_PROJETOS\WORKSPACE_SPRINGBOOT_PONTOELTRONICO\proj01\target\classes;C:\Users\usuario\.m2\repository\org\springframework\boot\spring-boot-starter\1.5.20.RELEASE\spring-boot-starter-1.5.20.RELEASE.jar;C:\Users\usuario\.m2\repository\org\springframework\boot\spring-boot\1.5.20.RELEASE\spring-boot-1.5.20.RELEASE.jar;C:\Users\usuario\.m2\repository\org\springframework\spring-context\4.3.23.RELEASE\spring-context-4.3.23.RELEASE.jar;C:\Users\usuario\.m2\repository\org\springframework\boot\spring-boot-autoconfigure\1.5.20.RELEASE\spring-boot-autoconfigure-1.5.20.RELEASE.jar;C:\Users\usuario\.m2\repository\org\springframework\boot\spring-boot-starter-logging\1.5.20.RELEASE\spring-boot-starter-logging-1.5.20.RELEASE.jar;C:\Users\usuario\.m2\repository\ch\qos\logback\logback-classic\1.1.11\logback-classic-1.1.11.jar;C:\Users\usuario\.m2\repository\ch\qos\logback\logback-core\1.1.11\logback-core-1.1.11.jar;C:\Users\usuario\.m2\repository\org\slf4j\jcl-over-slf4j\1.7.26\jcl-over-slf4j-1.7.26.jar;C:\Users\usuario\.m2\repository\org\slf4j\jul-to-slf4j\1.7.26\jul-to-slf4j-1.7.26.jar;C:\Users\usuario\.m2\repository\org\slf4j\log4j-over-slf4j\1.7.26\log4j-over-slf4j-1.7.26.jar;C:\Users\usuario\.m2\repository\org\springframework\spring-core\4.3.23.RELEASE\spring-core-4.3.23.RELEASE.jar;C:\Users\usuario\.m2\repository\org\yaml\snakeyaml\1.17\snakeyaml-1.17.jar;C:\Users\usuario\.m2\repository\org\springframework\boot\spring-boot-starter-web\1.5.20.RELEASE\spring-boot-starter-web-1.5.20.RELEASE.jar;C:\Users\usuario\.m2\repository\org\springframework\boot\spring-boot-starter-tomcat\1.5.20.RELEASE\spring-boot-starter-tomcat-1.5.20.RELEASE.jar;C:\Users\usuario\.m2\repository\org\apache\tomcat\embed\tomcat-embed-core\8.5.39\tomcat-embed-core-8.5.39.jar;C:\Users\usuario\.m2\repository\org\apache\tomcat\tomcat-annotations-api\8.5.39\tomcat-annotations-api-8.5.39.jar;C:\Users\usuario\.m2\repository\org\apache\tomcat\embed\tomcat-embed-websocket\8.5
Launcher Type: SUN_STANDARD

Environment Variables:
JAVA_HOME=D:\Java\jdk1.8.0_74
PATH=C:\ProgramData\Oracle\Java\javapath;C:\WINDOWS\system32;C:\WINDOWS;C:\WINDOWS\System32\Wbem;C:\WINDOWS\System32\WindowsPowerShell\v1.0\;C:\Program Files (x86)\AMD\ATI.ACE\Core-Static;C:\Program Files (x86)\MySQL\MySQL Utilities 1.6\;C:\Program Files\Git\cmd;C:\WINDOWS\System32\OpenSSH\;C:\Program Files\Intel\WiFi\bin\;C:\Program Files\Common Files\Intel\WirelessCommon\;D:\work\apache-maven-3.3.9\bin;C:\Program Files\PuTTY\;%CALATINA_HOME%\bin;;C:\Program Files\Microsoft VS Code\bin;C:\Program Files\nodejs\;C:\Program Files\Intel\WiFi\bin\;C:\Program Files\Common Files\Intel\WirelessCommon\;C:\Users\usuario\AppData\Local\Microsoft\WindowsApps;C:\Users\usuario\AppData\Local\atom\bin;C:\Program Files\Microsoft VS Code\bin;C:\Users\usuario\AppData\Local\Microsoft\WindowsApps;C:\Users\usuario\AppData\Roaming\npm
USERNAME=usuario
OS=Windows_NT
PROCESSOR_IDENTIFIER=Intel64 Family 6 Model 61 Stepping 4, GenuineIntel



---------------  S Y S T E M  ---------------

OS: Windows 10.0 , 64 bit Build 17134 (10.0.17134.648)

CPU:total 4 (2 cores per cpu, 2 threads per core) family 6 model 61 stepping 4, cmov, cx8, fxsr, mmx, sse, sse2, sse3, ssse3, sse4.1, sse4.2, popcnt, avx, avx2, aes, clmul, erms, 3dnowpref, lzcnt, ht, tsc, tscinvbit, bmi1, bmi2, adx

Memory: 4k page, physical 8301016k(2015440k free), swap 16478552k(5716416k free)

vm_info: Java HotSpot(TM) 64-Bit Server VM (25.74-b02) for windows-amd64 JRE (1.8.0_74-b02), built on Jan 29 2016 17:42:36 by "java_re" with MS VC++ 10.0 (VS2010)

time: Wed Apr 10 16:14:57 2019
elapsed time: 399 seconds (0d 0h 6m 39s)

